Equate elements:  no current cell.
Equate elements:  no current cell.

Subcircuit summary:
Circuit 1: csrl.spice                      |Circuit 2: csrl_xschem.spice               
-------------------------------------------|-------------------------------------------
sky130_fd_pr__pfet_01v8 (8)                |sky130_fd_pr__pfet_01v8 (8)                
sky130_fd_pr__nfet_01v8 (8)                |sky130_fd_pr__nfet_01v8 (8)                
Number of devices: 16                      |Number of devices: 16                      
Number of nets: 13                         |Number of nets: 13                         
---------------------------------------------------------------------------------------
Resolving automorphisms by property value.
Resolving automorphisms by pin name.
Netlists match uniquely.
Circuits match correctly.
There were property errors.
sky130_fd_pr__pfet_01v88 vs. sky130_fd_pr__pfet_01v8M1:
 w circuit1: 0.95   circuit2: 1   (delta=5.13%, cutoff=1%)
sky130_fd_pr__pfet_01v811 vs. sky130_fd_pr__pfet_01v8M2:
 w circuit1: 0.95   circuit2: 1   (delta=5.13%, cutoff=1%)
sky130_fd_pr__pfet_01v814 vs. sky130_fd_pr__pfet_01v8M7:
 w circuit1: 0.95   circuit2: 1   (delta=5.13%, cutoff=1%)
sky130_fd_pr__pfet_01v80 vs. sky130_fd_pr__pfet_01v8M6:
 w circuit1: 0.95   circuit2: 1   (delta=5.13%, cutoff=1%)
sky130_fd_pr__pfet_01v83 vs. sky130_fd_pr__pfet_01v8M10:
 w circuit1: 0.95   circuit2: 1   (delta=5.13%, cutoff=1%)
sky130_fd_pr__pfet_01v82 vs. sky130_fd_pr__pfet_01v8M9:
 w circuit1: 0.95   circuit2: 1   (delta=5.13%, cutoff=1%)
sky130_fd_pr__pfet_01v815 vs. sky130_fd_pr__pfet_01v8M14:
 w circuit1: 0.95   circuit2: 1   (delta=5.13%, cutoff=1%)
sky130_fd_pr__pfet_01v813 vs. sky130_fd_pr__pfet_01v8M15:
 w circuit1: 0.95   circuit2: 1   (delta=5.13%, cutoff=1%)
Cells have no pins;  pin matching not needed.
Device classes csrl.spice and csrl_xschem.spice are equivalent.
Circuits match uniquely.
Property errors were found.
The following cells had property errors: csrl.spice
